<?xml version="1.0" encoding="UTF-8"?>
<testsuites name="jest tests" tests="11" failures="0" errors="0" time="2.216">
  <testsuite name="Backend API Tests" errors="0" failures="0" skipped="0" timestamp="2026-05-24T19:18:27" time="2.046" tests="11">
    <testcase classname="Backend API Tests GET /api/tasks should return an empty array initially" name="Backend API Tests GET /api/tasks should return an empty array initially" time="0.088">
    </testcase>
    <testcase classname="Backend API Tests POST /api/tasks should create a new task" name="Backend API Tests POST /api/tasks should create a new task" time="0.047">
    </testcase>
    <testcase classname="Backend API Tests POST /api/tasks should fail when description is empty" name="Backend API Tests POST /api/tasks should fail when description is empty" time="0.007">
    </testcase>
    <testcase classname="Backend API Tests POST /api/tasks should fail when description is missing" name="Backend API Tests POST /api/tasks should fail when description is missing" time="0.01">
    </testcase>
    <testcase classname="Backend API Tests GET /api/tasks/:id should return a specific task" name="Backend API Tests GET /api/tasks/:id should return a specific task" time="0.025">
    </testcase>
    <testcase classname="Backend API Tests GET /api/tasks/:id should return 404 for non-existent task" name="Backend API Tests GET /api/tasks/:id should return 404 for non-existent task" time="0.007">
    </testcase>
    <testcase classname="Backend API Tests PUT /api/tasks/:id should update task description" name="Backend API Tests PUT /api/tasks/:id should update task description" time="0.026">
    </testcase>
    <testcase classname="Backend API Tests PUT /api/tasks/:id should update task completion status" name="Backend API Tests PUT /api/tasks/:id should update task completion status" time="0.025">
    </testcase>
    <testcase classname="Backend API Tests PUT /api/tasks/:id should return 404 for non-existent task" name="Backend API Tests PUT /api/tasks/:id should return 404 for non-existent task" time="0.006">
    </testcase>
    <testcase classname="Backend API Tests DELETE /api/tasks/:id should delete a task" name="Backend API Tests DELETE /api/tasks/:id should delete a task" time="0.032">
    </testcase>
    <testcase classname="Backend API Tests DELETE /api/tasks/:id should return 404 for non-existent task" name="Backend API Tests DELETE /api/tasks/:id should return 404 for non-existent task" time="0.008">
    </testcase>
  </testsuite>
</testsuites>