{"D:\\DSO101\\Tshering_Norbu_02230309_A2\\backend\\server.js": {"path":"D:\\DSO101\\Tshering_Norbu_02230309_A2\\backend\\server.js","statementMap":{"0":{"start":{"line":1,"column":1},"end":{"line":1,"column":28}},"1":{"start":{"line":2,"column":16},"end":{"line":2,"column":34}},"2":{"start":{"line":3,"column":17},"end":{"line":3,"column":42}},"3":{"start":{"line":4,"column":13},"end":{"line":4,"column":28}},"4":{"start":{"line":5,"column":13},"end":{"line":5,"column":28}},"5":{"start":{"line":7,"column":12},"end":{"line":7,"column":21}},"6":{"start":{"line":8,"column":13},"end":{"line":8,"column":37}},"7":{"start":{"line":11,"column":20},"end":{"line":34,"column":1}},"8":{"start":{"line":13,"column":27},"end":{"line":22,"column":5}},"9":{"start":{"line":25,"column":4},"end":{"line":29,"column":5}},"10":{"start":{"line":26,"column":6},"end":{"line":26,"column":27}},"11":{"start":{"line":28,"column":6},"end":{"line":28,"column":53}},"12":{"start":{"line":36,"column":0},"end":{"line":36,"column":27}},"13":{"start":{"line":37,"column":0},"end":{"line":37,"column":24}},"14":{"start":{"line":40,"column":14},"end":{"line":40,"column":62}},"15":{"start":{"line":41,"column":15},"end":{"line":41,"column":50}},"16":{"start":{"line":42,"column":11},"end":{"line":42,"column":31}},"17":{"start":{"line":45,"column":0},"end":{"line":45,"column":186}},"18":{"start":{"line":48,"column":0},"end":{"line":56,"column":3}},"19":{"start":{"line":49,"column":2},"end":{"line":55,"column":3}},"20":{"start":{"line":50,"column":17},"end":{"line":50,"column":73}},"21":{"start":{"line":51,"column":4},"end":{"line":51,"column":19}},"22":{"start":{"line":53,"column":4},"end":{"line":53,"column":31}},"23":{"start":{"line":54,"column":4},"end":{"line":54,"column":49}},"24":{"start":{"line":59,"column":0},"end":{"line":73,"column":3}},"25":{"start":{"line":60,"column":2},"end":{"line":72,"column":3}},"26":{"start":{"line":61,"column":19},"end":{"line":61,"column":29}},"27":{"start":{"line":62,"column":16},"end":{"line":62,"column":70}},"28":{"start":{"line":64,"column":4},"end":{"line":67,"column":5}},"29":{"start":{"line":65,"column":6},"end":{"line":65,"column":56}},"30":{"start":{"line":66,"column":6},"end":{"line":66,"column":13}},"31":{"start":{"line":68,"column":4},"end":{"line":68,"column":18}},"32":{"start":{"line":70,"column":4},"end":{"line":70,"column":31}},"33":{"start":{"line":71,"column":4},"end":{"line":71,"column":49}},"34":{"start":{"line":76,"column":0},"end":{"line":92,"column":3}},"35":{"start":{"line":77,"column":2},"end":{"line":91,"column":3}},"36":{"start":{"line":78,"column":28},"end":{"line":78,"column":36}},"37":{"start":{"line":80,"column":4},"end":{"line":83,"column":5}},"38":{"start":{"line":81,"column":6},"end":{"line":81,"column":65}},"39":{"start":{"line":82,"column":6},"end":{"line":82,"column":13}},"40":{"start":{"line":85,"column":19},"end":{"line":85,"column":92}},"41":{"start":{"line":86,"column":16},"end":{"line":86,"column":90}},"42":{"start":{"line":87,"column":4},"end":{"line":87,"column":30}},"43":{"start":{"line":89,"column":4},"end":{"line":89,"column":31}},"44":{"start":{"line":90,"column":4},"end":{"line":90,"column":49}},"45":{"start":{"line":95,"column":0},"end":{"line":133,"column":3}},"46":{"start":{"line":96,"column":2},"end":{"line":132,"column":3}},"47":{"start":{"line":97,"column":19},"end":{"line":97,"column":29}},"48":{"start":{"line":98,"column":39},"end":{"line":98,"column":47}},"49":{"start":{"line":100,"column":18},"end":{"line":100,"column":20}},"50":{"start":{"line":101,"column":17},"end":{"line":101,"column":19}},"51":{"start":{"line":103,"column":4},"end":{"line":106,"column":5}},"52":{"start":{"line":104,"column":6},"end":{"line":104,"column":38}},"53":{"start":{"line":105,"column":6},"end":{"line":105,"column":31}},"54":{"start":{"line":108,"column":4},"end":{"line":111,"column":5}},"55":{"start":{"line":109,"column":6},"end":{"line":109,"column":36}},"56":{"start":{"line":110,"column":6},"end":{"line":110,"column":37}},"57":{"start":{"line":113,"column":4},"end":{"line":116,"column":5}},"58":{"start":{"line":114,"column":6},"end":{"line":114,"column":61}},"59":{"start":{"line":115,"column":6},"end":{"line":115,"column":13}},"60":{"start":{"line":118,"column":4},"end":{"line":118,"column":20}},"61":{"start":{"line":119,"column":18},"end":{"line":119,"column":76}},"62":{"start":{"line":120,"column":19},"end":{"line":120,"column":51}},"63":{"start":{"line":122,"column":4},"end":{"line":125,"column":5}},"64":{"start":{"line":123,"column":6},"end":{"line":123,"column":56}},"65":{"start":{"line":124,"column":6},"end":{"line":124,"column":13}},"66":{"start":{"line":127,"column":16},"end":{"line":127,"column":70}},"67":{"start":{"line":128,"column":4},"end":{"line":128,"column":18}},"68":{"start":{"line":130,"column":4},"end":{"line":130,"column":31}},"69":{"start":{"line":131,"column":4},"end":{"line":131,"column":49}},"70":{"start":{"line":136,"column":0},"end":{"line":151,"column":3}},"71":{"start":{"line":137,"column":2},"end":{"line":150,"column":3}},"72":{"start":{"line":138,"column":19},"end":{"line":138,"column":29}},"73":{"start":{"line":139,"column":19},"end":{"line":139,"column":71}},"74":{"start":{"line":141,"column":4},"end":{"line":144,"column":5}},"75":{"start":{"line":142,"column":6},"end":{"line":142,"column":56}},"76":{"start":{"line":143,"column":6},"end":{"line":143,"column":13}},"77":{"start":{"line":146,"column":4},"end":{"line":146,"column":73}},"78":{"start":{"line":148,"column":4},"end":{"line":148,"column":31}},"79":{"start":{"line":149,"column":4},"end":{"line":149,"column":49}},"80":{"start":{"line":154,"column":0},"end":{"line":156,"column":3}},"81":{"start":{"line":155,"column":2},"end":{"line":155,"column":49}},"82":{"start":{"line":159,"column":0},"end":{"line":162,"column":3}},"83":{"start":{"line":160,"column":2},"end":{"line":160,"column":68}},"84":{"start":{"line":161,"column":2},"end":{"line":161,"column":53}}},"fnMap":{"0":{"name":"(anonymous_0)","decl":{"start":{"line":12,"column":10},"end":{"line":12,"column":11}},"loc":{"start":{"line":12,"column":37},"end":{"line":30,"column":3}},"line":12},"1":{"name":"(anonymous_1)","decl":{"start":{"line":48,"column":22},"end":{"line":48,"column":23}},"loc":{"start":{"line":48,"column":36},"end":{"line":56,"column":1}},"line":48},"2":{"name":"(anonymous_2)","decl":{"start":{"line":59,"column":26},"end":{"line":59,"column":27}},"loc":{"start":{"line":59,"column":40},"end":{"line":73,"column":1}},"line":59},"3":{"name":"(anonymous_3)","decl":{"start":{"line":76,"column":23},"end":{"line":76,"column":24}},"loc":{"start":{"line":76,"column":37},"end":{"line":92,"column":1}},"line":76},"4":{"name":"(anonymous_4)","decl":{"start":{"line":95,"column":26},"end":{"line":95,"column":27}},"loc":{"start":{"line":95,"column":40},"end":{"line":133,"column":1}},"line":95},"5":{"name":"(anonymous_5)","decl":{"start":{"line":136,"column":29},"end":{"line":136,"column":30}},"loc":{"start":{"line":136,"column":43},"end":{"line":151,"column":1}},"line":136},"6":{"name":"(anonymous_6)","decl":{"start":{"line":154,"column":19},"end":{"line":154,"column":20}},"loc":{"start":{"line":154,"column":33},"end":{"line":156,"column":1}},"line":154},"7":{"name":"(anonymous_7)","decl":{"start":{"line":159,"column":17},"end":{"line":159,"column":18}},"loc":{"start":{"line":159,"column":23},"end":{"line":162,"column":1}},"line":159}},"branchMap":{"0":{"loc":{"start":{"line":8,"column":13},"end":{"line":8,"column":37}},"type":"binary-expr","locations":[{"start":{"line":8,"column":13},"end":{"line":8,"column":29}},{"start":{"line":8,"column":33},"end":{"line":8,"column":37}}],"line":8},"1":{"loc":{"start":{"line":25,"column":4},"end":{"line":29,"column":5}},"type":"if","locations":[{"start":{"line":25,"column":4},"end":{"line":29,"column":5}},{"start":{"line":27,"column":11},"end":{"line":29,"column":5}}],"line":25},"2":{"loc":{"start":{"line":25,"column":8},"end":{"line":25,"column":50}},"type":"binary-expr","locations":[{"start":{"line":25,"column":8},"end":{"line":25,"column":15}},{"start":{"line":25,"column":19},"end":{"line":25,"column":50}}],"line":25},"3":{"loc":{"start":{"line":40,"column":14},"end":{"line":40,"column":62}},"type":"cond-expr","locations":[{"start":{"line":40,"column":39},"end":{"line":40,"column":50}},{"start":{"line":40,"column":53},"end":{"line":40,"column":62}}],"line":40},"4":{"loc":{"start":{"line":64,"column":4},"end":{"line":67,"column":5}},"type":"if","locations":[{"start":{"line":64,"column":4},"end":{"line":67,"column":5}},{"start":{},"end":{}}],"line":64},"5":{"loc":{"start":{"line":80,"column":4},"end":{"line":83,"column":5}},"type":"if","locations":[{"start":{"line":80,"column":4},"end":{"line":83,"column":5}},{"start":{},"end":{}}],"line":80},"6":{"loc":{"start":{"line":80,"column":8},"end":{"line":80,"column":49}},"type":"binary-expr","locations":[{"start":{"line":80,"column":8},"end":{"line":80,"column":20}},{"start":{"line":80,"column":24},"end":{"line":80,"column":49}}],"line":80},"7":{"loc":{"start":{"line":103,"column":4},"end":{"line":106,"column":5}},"type":"if","locations":[{"start":{"line":103,"column":4},"end":{"line":106,"column":5}},{"start":{},"end":{}}],"line":103},"8":{"loc":{"start":{"line":108,"column":4},"end":{"line":111,"column":5}},"type":"if","locations":[{"start":{"line":108,"column":4},"end":{"line":111,"column":5}},{"start":{},"end":{}}],"line":108},"9":{"loc":{"start":{"line":110,"column":18},"end":{"line":110,"column":35}},"type":"cond-expr","locations":[{"start":{"line":110,"column":30},"end":{"line":110,"column":31}},{"start":{"line":110,"column":34},"end":{"line":110,"column":35}}],"line":110},"10":{"loc":{"start":{"line":113,"column":4},"end":{"line":116,"column":5}},"type":"if","locations":[{"start":{"line":113,"column":4},"end":{"line":116,"column":5}},{"start":{},"end":{}}],"line":113},"11":{"loc":{"start":{"line":122,"column":4},"end":{"line":125,"column":5}},"type":"if","locations":[{"start":{"line":122,"column":4},"end":{"line":125,"column":5}},{"start":{},"end":{}}],"line":122},"12":{"loc":{"start":{"line":141,"column":4},"end":{"line":144,"column":5}},"type":"if","locations":[{"start":{"line":141,"column":4},"end":{"line":144,"column":5}},{"start":{},"end":{}}],"line":141}},"s":{"0":0,"1":0,"2":0,"3":0,"4":0,"5":0,"6":0,"7":0,"8":0,"9":0,"10":0,"11":0,"12":0,"13":0,"14":0,"15":0,"16":0,"17":0,"18":0,"19":0,"20":0,"21":0,"22":0,"23":0,"24":0,"25":0,"26":0,"27":0,"28":0,"29":0,"30":0,"31":0,"32":0,"33":0,"34":0,"35":0,"36":0,"37":0,"38":0,"39":0,"40":0,"41":0,"42":0,"43":0,"44":0,"45":0,"46":0,"47":0,"48":0,"49":0,"50":0,"51":0,"52":0,"53":0,"54":0,"55":0,"56":0,"57":0,"58":0,"59":0,"60":0,"61":0,"62":0,"63":0,"64":0,"65":0,"66":0,"67":0,"68":0,"69":0,"70":0,"71":0,"72":0,"73":0,"74":0,"75":0,"76":0,"77":0,"78":0,"79":0,"80":0,"81":0,"82":0,"83":0,"84":0},"f":{"0":0,"1":0,"2":0,"3":0,"4":0,"5":0,"6":0,"7":0},"b":{"0":[0,0],"1":[0,0],"2":[0,0],"3":[0,0],"4":[0,0],"5":[0,0],"6":[0,0],"7":[0,0],"8":[0,0],"9":[0,0],"10":[0,0],"11":[0,0],"12":[0,0]}}
}
